[error]: [ 'appId is needed' ]
[error]: [ 'appSecret is needed' ]
[info]: [ 'client ready' ]
⚠️ [Auth] Supabase URL or ANON_KEY not configured. RLS features will be disabled.
⚠️ [Auth] SUPABASE_JWT_SECRET not configured. JWT generation will fail.
⚠️ [Auth] Supabase credentials not configured. RLS features will be disabled.
/Users/xiaofei.yin/work_repo/feishu_assistant/dist/server.js:67919
        throw new Error("supabaseUrl is required.");
        ^

Error: supabaseUrl is required.
    at validateSupabaseUrl (/Users/xiaofei.yin/work_repo/feishu_assistant/dist/server.js:67919:15)
    at new SupabaseClient2 (/Users/xiaofei.yin/work_repo/feishu_assistant/dist/server.js:72703:59)
    at createClient6 (/Users/xiaofei.yin/work_repo/feishu_assistant/dist/server.js:72950:14)
    at Object.<anonymous> (/Users/xiaofei.yin/work_repo/feishu_assistant/dist/server.js:248817:53)
    at Module._compile (node:internal/modules/cjs/loader:1706:14)
    at Object..js (node:internal/modules/cjs/loader:1839:10)
    at Module.load (node:internal/modules/cjs/loader:1441:32)
    at Function._load (node:internal/modules/cjs/loader:1263:12)
    at TracingChannel.traceSync (node:diagnostics_channel:322:14)
    at wrapModuleLoad (node:internal/modules/cjs/loader:237:24)

Node.js v22.19.0
